*** Using Compiler 'V5.06 update 6 (build 750)', folder: 'D:\Keil_v5\ARM\ARMCC\Bin'
Build target 'STM32_BLDC_Hall_V17_3'
compiling core_cm3.c...
compiling system_stm32f10x.c...
assembling startup_stm32f10x_md.s...
compiling misc.c...
compiling stm32f10x_adc.c...
compiling stm32f10x_bkp.c...
compiling stm32f10x_can.c...
compiling stm32f10x_cec.c...
compiling stm32f10x_crc.c...
compiling stm32f10x_dac.c...
compiling stm32f10x_dbgmcu.c...
compiling stm32f10x_dma.c...
compiling stm32f10x_exti.c...
compiling stm32f10x_flash.c...
compiling stm32f10x_fsmc.c...
compiling stm32f10x_gpio.c...
compiling stm32f10x_i2c.c...
compiling stm32f10x_iwdg.c...
compiling stm32f10x_pwr.c...
compiling stm32f10x_rcc.c...
compiling stm32f10x_rtc.c...
compiling stm32f10x_sdio.c...
compiling stm32f10x_spi.c...
compiling stm32f10x_tim.c...
compiling stm32f10x_usart.c...
compiling stm32f10x_wwdg.c...
compiling stm32f10x_it.c...
compiling main.c...
compiling ADC_int.c...
compiling GPIO_int.c...
compiling hello_world.c...
compiling IQ_math.c...
compiling PI_Cale.c...
compiling printf_uart.c...
compiling Task_function.c...
compiling ThreeHall.c...
compiling Tim1_ISR_MCLoop.c...
compiling Tim1_PWM.c...
compiling Tim4_Encoder_PWMDAC.c...
compiling Timer.c...
linking...
Program Size: Code=14888 RO-data=1804 RW-data=268 ZI-data=1620  
FromELF: creating hex file...
".\Output\STM32_BLDC_Hall.elf" - 0 Error(s), 0 Warning(s).
